<?xml version="1.0" encoding="UTF-8"?>
<!-- Generated by org.testng.reporters.JUnitReportReporter -->
<testsuite skipped="0" hostname="ITEM-s84908" name="com.aeroweb.runner.runnerFile" tests="2" failures="0" timestamp="16 Dec 2020 12:56:52 GMT" time="147.491" errors="0">
  <testcase name="runScenario" time="67.654" classname="com.aeroweb.runner.runnerFile"/>
  <testcase name="runScenario" time="79.837" classname="com.aeroweb.runner.runnerFile"/>
</testsuite> <!-- com.aeroweb.runner.runnerFile -->
